<?xml version="1.0" encoding="UTF-8"?>
<testng-results ignored="0" total="3" passed="3" failed="0" skipped="0">
  <reporter-output>
  </reporter-output>
  <suite started-at="2023-03-24T10:38:26 IST" name="Default suite" finished-at="2023-03-24T10:40:54 IST" duration-ms="148509">
    <groups>
      <group name="cucumber">
        <method signature="AbstractTestNGCucumberTests.runScenario(io.cucumber.testng.PickleWrapper,io.cucumber.testng.FeatureWrapper)[pri:0, instance:Runner.CucumberRunnerTests@6e535154]" name="runScenario" class="io.cucumber.testng.AbstractTestNGCucumberTests"/>
      </group> <!-- cucumber -->
    </groups>
    <test started-at="2023-03-24T10:38:26 IST" name="Default test" finished-at="2023-03-24T10:40:54 IST" duration-ms="148509">
      <class name="Runner.CucumberRunnerTests">
        <test-method is-config="true" signature="setUpClass(org.testng.ITestContext)[pri:0, instance:Runner.CucumberRunnerTests@6e535154]" started-at="2023-03-24T10:38:26 IST" name="setUpClass" finished-at="2023-03-24T10:38:26 IST" duration-ms="785" status="PASS">
          <params>
            <param index="0">
              <value>
                <![CDATA[org.testng.TestRunner@481b2f10]]>
              </value>
            </param>
          </params>
          <reporter-output>
          </reporter-output>
        </test-method> <!-- setUpClass -->
        <test-method signature="runScenario(io.cucumber.testng.PickleWrapper,io.cucumber.testng.FeatureWrapper)[pri:0, instance:Runner.CucumberRunnerTests@6e535154]" started-at="2023-03-24T10:38:26 IST" name="runScenario" description="Runs Cucumber Scenarios" data-provider="scenarios" finished-at="2023-03-24T10:39:25 IST" duration-ms="58618" status="PASS">
          <params>
            <param index="0">
              <value>
                <![CDATA["Add Jobs"]]>
              </value>
            </param>
            <param index="1">
              <value>
                <![CDATA["I am automation functionality of Add Jobs in Orange HRM application"]]>
              </value>
            </param>
          </params>
          <reporter-output>
          </reporter-output>
        </test-method> <!-- runScenario -->
        <test-method signature="runScenario(io.cucumber.testng.PickleWrapper,io.cucumber.testng.FeatureWrapper)[pri:0, instance:Runner.CucumberRunnerTests@6e535154]" started-at="2023-03-24T10:39:25 IST" name="runScenario" description="Runs Cucumber Scenarios" data-provider="scenarios" finished-at="2023-03-24T10:40:09 IST" duration-ms="44416" status="PASS">
          <params>
            <param index="0">
              <value>
                <![CDATA["Add nationality"]]>
              </value>
            </param>
            <param index="1">
              <value>
                <![CDATA["I am automation functionality of Add Jobs in Orange HRM application"]]>
              </value>
            </param>
          </params>
          <reporter-output>
          </reporter-output>
        </test-method> <!-- runScenario -->
        <test-method signature="runScenario(io.cucumber.testng.PickleWrapper,io.cucumber.testng.FeatureWrapper)[pri:0, instance:Runner.CucumberRunnerTests@6e535154]" started-at="2023-03-24T10:40:09 IST" name="runScenario" description="Runs Cucumber Scenarios" data-provider="scenarios" finished-at="2023-03-24T10:40:54 IST" duration-ms="44189" status="PASS">
          <params>
            <param index="0">
              <value>
                <![CDATA["Add Skills"]]>
              </value>
            </param>
            <param index="1">
              <value>
                <![CDATA["I am automation functionality of Add Jobs in Orange HRM application"]]>
              </value>
            </param>
          </params>
          <reporter-output>
          </reporter-output>
        </test-method> <!-- runScenario -->
        <test-method is-config="true" signature="tearDownClass()[pri:0, instance:Runner.CucumberRunnerTests@6e535154]" started-at="2023-03-24T10:40:54 IST" name="tearDownClass" finished-at="2023-03-24T10:40:54 IST" duration-ms="422" status="PASS">
          <reporter-output>
          </reporter-output>
        </test-method> <!-- tearDownClass -->
      </class> <!-- Runner.CucumberRunnerTests -->
    </test> <!-- Default test -->
  </suite> <!-- Default suite -->
</testng-results>
